<?xml version="1.0" encoding="UTF-8"?>
<!-- Generated by org.testng.reporters.JUnitReportReporter -->
<testsuite hostname="LAPTOP-U3GTK72O" failures="0" tests="2" name="testAPI.POSTRequest" time="3.881" errors="0" timestamp="2024-04-12T17:29:39 IST" skipped="0">
  <testcase classname="testAPI.POSTRequest" name="SingleUserPostUsingHashMap" time="3.181"/>
  <system-out/>
  <testcase classname="testAPI.POSTRequest" name="SingleUserPostUsingPojoClass" time="0.700"/>
  <system-out/>
</testsuite> <!-- testAPI.POSTRequest -->
