<?xml version="1.0" encoding="UTF-8"?>
<!-- Generated by org.testng.reporters.JUnitReportReporter -->
<testsuite hostname="LAPTOP-U3GTK72O" failures="0" tests="2" name="testAPI.Put_Delete_Request" time="3.084" errors="0" timestamp="2024-04-12T17:49:03 IST" skipped="0">
  <testcase classname="testAPI.Put_Delete_Request" name="PutRequest" time="2.574"/>
  <system-out/>
  <testcase classname="testAPI.Put_Delete_Request" name="DeleteRequest" time="0.510"/>
  <system-out/>
</testsuite> <!-- testAPI.Put_Delete_Request -->
