<?xml version="1.0" encoding="UTF-8"?>
<!-- Generated by org.testng.reporters.JUnitReportReporter -->
<testsuite hostname="LAPTOP-U3GTK72O" failures="0" tests="1" name="seleniumGrid.GridTest" time="17.679" errors="0" timestamp="2024-04-14T21:43:50 IST" skipped="0">
  <testcase classname="seleniumGrid.GridTest" name="testOnChrome" time="17.679"/>
  <system-out>
    <![CDATA[Test executing on Chrome !!!
Driver session is established with server !!!
Test executing for Amazon application !!!
Test completed !!!]]>
  </system-out>
</testsuite> <!-- seleniumGrid.GridTest -->
