<?xml version="1.0" encoding="UTF-8"?>
<!-- Generated by org.testng.reporters.JUnitReportReporter -->
<testsuite hostname="LAPTOP-U3GTK72O" failures="0" tests="1" name="testAPI.BasicRequestPattern" time="1.457" errors="0" timestamp="2024-04-12T13:39:07 IST" skipped="0">
  <testcase classname="testAPI.BasicRequestPattern" name="SingleUser_Get" time="1.457"/>
  <system-out/>
</testsuite> <!-- testAPI.BasicRequestPattern -->
