<?xml version="1.0" encoding="UTF-8"?>
<!-- Generated by org.testng.reporters.JUnitReportReporter -->
<testsuite hostname="LAPTOP-U3GTK72O" failures="0" tests="3" name="com.CRM.TestCases.HomePageTest" time="5.189" errors="0" timestamp="2024-04-06T14:53:20 IST" skipped="0">
  <testcase classname="com.CRM.TestCases.HomePageTest" name="verifyUrl" time="0.026"/>
  <system-out/>
  <testcase classname="com.CRM.TestCases.HomePageTest" name="verifyTitle" time="0.023"/>
  <system-out/>
  <testcase classname="com.CRM.TestCases.HomePageTest" name="verifySignin" time="5.140"/>
  <system-out/>
</testsuite> <!-- com.CRM.TestCases.HomePageTest -->
