<?xml version="1.0" encoding="UTF-8"?>
<!-- Generated by org.testng.reporters.JUnitReportReporter -->
<testsuite hostname="LAPTOP-U3GTK72O" failures="0" tests="1" name="com.CRM.TestCases.LoginPageTest" time="0.454" errors="0" timestamp="2024-04-10T13:36:18 IST" skipped="0">
  <testcase classname="com.CRM.TestCases.LoginPageTest" name="verifyLogin" time="0.454"/>
  <system-out/>
</testsuite> <!-- com.CRM.TestCases.LoginPageTest -->
