<?xml version="1.0" encoding="UTF-8"?>
<!-- Generated by org.testng.reporters.JUnitReportReporter -->
<testsuite hostname="LAPTOP-U3GTK72O" failures="0" tests="3" name="com.CRM.TestCases.HomePageTest" time="5.115" errors="0" timestamp="2024-04-10T13:36:18 IST" skipped="0">
  <testcase classname="com.CRM.TestCases.HomePageTest" name="verifyUrl" time="0.013"/>
  <system-out/>
  <testcase classname="com.CRM.TestCases.HomePageTest" name="verifyTitle" time="0.012"/>
  <system-out/>
  <testcase classname="com.CRM.TestCases.HomePageTest" name="verifySignin" time="5.090"/>
  <system-out/>
</testsuite> <!-- com.CRM.TestCases.HomePageTest -->
