<?xml version="1.0" encoding="UTF-8"?>
<!-- Generated by org.testng.reporters.JUnitReportReporter -->
<testsuite hostname="LAPTOP-U3GTK72O" failures="0" tests="3" name="com.CRM.TestCases.HomePageTest" time="5.145" errors="0" timestamp="2024-04-14T14:43:27 IST" skipped="0">
  <testcase classname="com.CRM.TestCases.HomePageTest" name="verifyUrl" time="0.012"/>
  <system-out/>
  <testcase classname="com.CRM.TestCases.HomePageTest" name="verifyTitle" time="0.014"/>
  <system-out/>
  <testcase classname="com.CRM.TestCases.HomePageTest" name="verifySignin" time="5.119"/>
  <system-out/>
</testsuite> <!-- com.CRM.TestCases.HomePageTest -->
